TN:
SF:src\Person.ts
FN:7,get name
FN:12,get age
FN:17,Person
FN:22,getInfo
FN:25,isRetired
FNF:5
FNH:5
FNDA:1,get name
FNDA:3,get age
FNDA:3,Person
FNDA:1,getInfo
FNDA:2,isRetired
DA:1,1
DA:2,1
DA:3,1
DA:4,1
DA:5,1
DA:6,1
DA:7,1
DA:8,1
DA:9,1
DA:10,1
DA:11,1
DA:12,1
DA:13,3
DA:14,3
DA:15,3
DA:16,1
DA:17,1
DA:18,3
DA:19,3
DA:20,3
DA:21,1
DA:22,1
DA:23,1
DA:24,1
DA:25,1
DA:26,2
DA:27,1
DA:28,2
DA:29,1
LF:29
LH:29
BRDA:7,0,0,1
BRDA:8,1,0,0
BRDA:12,2,0,3
BRDA:13,3,0,0
BRDA:17,4,0,3
BRDA:22,5,0,1
BRDA:25,6,0,2
BRDA:26,7,0,1
BRF:8
BRH:6
end_of_record
